  glew.c
  world.cpp
  vertex.cpp
  texture.cpp
  state.cpp
  shader.cpp
  pugixml.cpp
  particle.cpp
c:\users\adesc\desktop\real-time mesh voxelization\src\particle.cpp(28): warning C4101: 'alpha': variable local sin referencia
  model.cpp
  mesh.cpp
c:\users\adesc\desktop\real-time mesh voxelization\src\mesh.cpp(298): warning C4244: 'inicializando': conversión de 'float' a 'int'; posible pérdida de datos
c:\users\adesc\desktop\real-time mesh voxelization\src\mesh.cpp(312): warning C4244: 'inicializando': conversión de 'float' a 'int'; posible pérdida de datos
c:\users\adesc\desktop\real-time mesh voxelization\src\mesh.cpp(326): warning C4244: 'inicializando': conversión de 'float' a 'int'; posible pérdida de datos
  material.cpp
c:\users\adesc\desktop\real-time mesh voxelization\src\material.cpp(61): warning C4267: 'argumento': conversión de 'size_t' a 'int'; posible pérdida de datos
  main.cpp
c:\users\adesc\desktop\real-time mesh voxelization\src\engine.h(15): warning C4067: símbolos (token) inesperados después de la directiva del preprocesador; se esperaba una nueva línea
  light.cpp
  emitter.cpp
c:\users\adesc\desktop\real-time mesh voxelization\src\emitter.cpp(66): warning C4244: 'inicializando': conversión de 'int' a 'float'; posible pérdida de datos
c:\users\adesc\desktop\real-time mesh voxelization\src\emitter.cpp(91): warning C4267: 'inicializando': conversión de 'size_t' a 'int'; posible pérdida de datos
  common.cpp
  camera.cpp
  buffer.cpp
  bone.cpp
  billboard.cpp
  Generando código...
LINK : warning LNK4098: la biblioteca predeterminada'MSVCRT' entra en conflicto con otras bibliotecas; use la biblioteca /NODEFAULTLIB:biblioteca
  ugine.vcxproj -> C:\Users\adesc\Desktop\Real-time Mesh Voxelization\vc15\x64\Debug\ugine.exe
