c:\users\adesc\desktop\voxelizador\triangulos\ugine\vc15\x64\debug\vc141.pdb
c:\users\adesc\desktop\voxelizador\triangulos\ugine\vc15\x64\debug\vc141.idb
c:\users\adesc\desktop\voxelizador\triangulos\ugine\vc15\x64\debug\glew.obj
c:\users\adesc\desktop\voxelizador\triangulos\ugine\vc15\x64\debug\buffer.obj
c:\users\adesc\desktop\voxelizador\triangulos\ugine\vc15\x64\debug\camera.obj
c:\users\adesc\desktop\voxelizador\triangulos\ugine\vc15\x64\debug\entity.obj
c:\users\adesc\desktop\voxelizador\triangulos\ugine\vc15\x64\debug\main.obj
c:\users\adesc\desktop\voxelizador\triangulos\ugine\vc15\x64\debug\mesh.obj
c:\users\adesc\desktop\voxelizador\triangulos\ugine\vc15\x64\debug\model.obj
c:\users\adesc\desktop\voxelizador\triangulos\ugine\vc15\x64\debug\shader.obj
c:\users\adesc\desktop\voxelizador\triangulos\ugine\vc15\x64\debug\state.obj
c:\users\adesc\desktop\voxelizador\triangulos\ugine\vc15\x64\debug\util.obj
c:\users\adesc\desktop\voxelizador\triangulos\ugine\vc15\x64\debug\world.obj
c:\users\adesc\desktop\real-time-mesh-voxelization\voxelize-triangles\vc15\x64\debug\vc141.pdb
c:\users\adesc\desktop\real-time-mesh-voxelization\voxelize-triangles\vc15\x64\debug\vc141.idb
c:\users\adesc\desktop\real-time-mesh-voxelization\voxelize-triangles\vc15\x64\debug\glew.obj
c:\users\adesc\desktop\real-time-mesh-voxelization\voxelize-triangles\vc15\x64\debug\buffer.obj
c:\users\adesc\desktop\real-time-mesh-voxelization\voxelize-triangles\vc15\x64\debug\camera.obj
c:\users\adesc\desktop\real-time-mesh-voxelization\voxelize-triangles\vc15\x64\debug\entity.obj
c:\users\adesc\desktop\real-time-mesh-voxelization\voxelize-triangles\vc15\x64\debug\main.obj
c:\users\adesc\desktop\real-time-mesh-voxelization\voxelize-triangles\vc15\x64\debug\mesh.obj
c:\users\adesc\desktop\real-time-mesh-voxelization\voxelize-triangles\vc15\x64\debug\model.obj
c:\users\adesc\desktop\real-time-mesh-voxelization\voxelize-triangles\vc15\x64\debug\shader.obj
c:\users\adesc\desktop\real-time-mesh-voxelization\voxelize-triangles\vc15\x64\debug\state.obj
c:\users\adesc\desktop\real-time-mesh-voxelization\voxelize-triangles\vc15\x64\debug\util.obj
c:\users\adesc\desktop\real-time-mesh-voxelization\voxelize-triangles\vc15\x64\debug\world.obj
c:\users\adesc\desktop\voxelizador\triangulos\ugine\vc15\x64\debug\ugine.exe
c:\users\adesc\desktop\voxelizador\triangulos\ugine\vc15\x64\debug\ugine.ilk
c:\users\adesc\desktop\voxelizador\triangulos\ugine\vc15\x64\debug\ugine.pdb
c:\users\adesc\desktop\real-time-mesh-voxelization\voxelize-triangles\vc15\x64\debug\ugine.exe
c:\users\adesc\desktop\real-time-mesh-voxelization\voxelize-triangles\vc15\x64\debug\ugine.ilk
c:\users\adesc\desktop\real-time-mesh-voxelization\voxelize-triangles\vc15\x64\debug\ugine.pdb
c:\users\adesc\desktop\real-time-mesh-voxelization\voxelize-triangles\vc15\x64\debug\mesh.obj.enc
c:\users\adesc\desktop\real-time-mesh-voxelization\voxelize-triangles\vc15\x64\debug\ugine.tlog\cl.command.1.tlog
c:\users\adesc\desktop\real-time-mesh-voxelization\voxelize-triangles\vc15\x64\debug\ugine.tlog\cl.read.1.tlog
c:\users\adesc\desktop\real-time-mesh-voxelization\voxelize-triangles\vc15\x64\debug\ugine.tlog\cl.write.1.tlog
c:\users\adesc\desktop\real-time-mesh-voxelization\voxelize-triangles\vc15\x64\debug\ugine.tlog\link.command.1.tlog
c:\users\adesc\desktop\real-time-mesh-voxelization\voxelize-triangles\vc15\x64\debug\ugine.tlog\link.read.1.tlog
c:\users\adesc\desktop\real-time-mesh-voxelization\voxelize-triangles\vc15\x64\debug\ugine.tlog\link.write.1.tlog
